0 info it worked if it ends with ok
1 verbose cli [ 'C:\\Users\\Maxime\\AppData\\Local\\.meteor\\packages\\meteor-tool\\1.3.3\\mt-os.windows.x86_32\\dev_bundle\\bin\\\\node.exe',
1 verbose cli   'C:\\Users\\Maxime\\AppData\\Local\\.meteor\\packages\\meteor-tool\\1.3.3\\mt-os.windows.x86_32\\dev_bundle\\lib\\node_modules\\npm\\bin\\npm-cli.js',
1 verbose cli   'install',
1 verbose cli   'meteor-bootstrap-cdn' ]
2 info using npm@2.15.1
3 info using node@v0.10.45
4 verbose install initial load of C:\Users\Maxime\Documents\Flash\projet\_TEST_NODE_N_CO\_APPS\devs\_meteor\angular1\package.json
5 verbose installManyTop reading scoped package data from C:\Users\Maxime\Documents\Flash\projet\_TEST_NODE_N_CO\_APPS\devs\_meteor\angular1\node_modules\angular\package.json
6 verbose installManyTop reading scoped package data from C:\Users\Maxime\Documents\Flash\projet\_TEST_NODE_N_CO\_APPS\devs\_meteor\angular1\node_modules\angular-meteor\package.json
7 verbose installManyTop reading scoped package data from C:\Users\Maxime\Documents\Flash\projet\_TEST_NODE_N_CO\_APPS\devs\_meteor\angular1\node_modules\angular-ui-router\package.json
8 info package.json angular-meteor@1.3.11 No repository field.
9 verbose readDependencies loading dependencies from C:\Users\Maxime\Documents\Flash\projet\_TEST_NODE_N_CO\_APPS\devs\_meteor\angular1\package.json
10 silly cache add args [ 'meteor-bootstrap-cdn', null ]
11 verbose cache add spec meteor-bootstrap-cdn
12 silly cache add parsed spec { raw: 'meteor-bootstrap-cdn',
12 silly cache add   scope: null,
12 silly cache add   name: 'meteor-bootstrap-cdn',
12 silly cache add   rawSpec: '',
12 silly cache add   spec: 'latest',
12 silly cache add   type: 'tag' }
13 silly addNamed meteor-bootstrap-cdn@latest
14 verbose addNamed "latest" is being treated as a dist-tag for meteor-bootstrap-cdn
15 info addNameTag [ 'meteor-bootstrap-cdn', 'latest' ]
16 silly mapToRegistry name meteor-bootstrap-cdn
17 silly mapToRegistry using default registry
18 silly mapToRegistry registry https://registry.npmjs.org/
19 silly mapToRegistry data { raw: 'meteor-bootstrap-cdn',
19 silly mapToRegistry   scope: null,
19 silly mapToRegistry   name: 'meteor-bootstrap-cdn',
19 silly mapToRegistry   rawSpec: '',
19 silly mapToRegistry   spec: 'latest',
19 silly mapToRegistry   type: 'tag' }
20 silly mapToRegistry uri https://registry.npmjs.org/meteor-bootstrap-cdn
21 verbose addNameTag registry:https://registry.npmjs.org/meteor-bootstrap-cdn not in flight; fetching
22 verbose request uri https://registry.npmjs.org/meteor-bootstrap-cdn
23 verbose request no auth needed
24 info attempt registry request try #1 at 10:18:33
25 verbose request id 91c78e6799d4eda4
26 http request GET https://registry.npmjs.org/meteor-bootstrap-cdn
27 http 404 https://registry.npmjs.org/meteor-bootstrap-cdn
28 verbose headers { 'content-type': 'application/json',
28 verbose headers   'cache-control': 'max-age=0',
28 verbose headers   'content-length': '2',
28 verbose headers   'accept-ranges': 'bytes',
28 verbose headers   date: 'Fri, 17 Jun 2016 08:18:39 GMT',
28 verbose headers   via: '1.1 varnish',
28 verbose headers   age: '0',
28 verbose headers   connection: 'keep-alive',
28 verbose headers   'x-served-by': 'cache-fra1244-FRA',
28 verbose headers   'x-cache': 'MISS',
28 verbose headers   'x-cache-hits': '0',
28 verbose headers   'x-timer': 'S1466151519.157881,VS0,VE110',
28 verbose headers   vary: 'Accept-Encoding' }
29 silly get cb [ 404,
29 silly get   { 'content-type': 'application/json',
29 silly get     'cache-control': 'max-age=0',
29 silly get     'content-length': '2',
29 silly get     'accept-ranges': 'bytes',
29 silly get     date: 'Fri, 17 Jun 2016 08:18:39 GMT',
29 silly get     via: '1.1 varnish',
29 silly get     age: '0',
29 silly get     connection: 'keep-alive',
29 silly get     'x-served-by': 'cache-fra1244-FRA',
29 silly get     'x-cache': 'MISS',
29 silly get     'x-cache-hits': '0',
29 silly get     'x-timer': 'S1466151519.157881,VS0,VE110',
29 silly get     vary: 'Accept-Encoding' } ]
30 verbose stack Error: Registry returned 404 for GET on https://registry.npmjs.org/meteor-bootstrap-cdn
30 verbose stack     at makeError (C:\Users\Maxime\AppData\Local\.meteor\packages\meteor-tool\1.3.3\mt-os.windows.x86_32\dev_bundle\lib\node_modules\npm\node_modules\npm-registry-client\lib\request.js:264:12)
30 verbose stack     at CachingRegistryClient.<anonymous> (C:\Users\Maxime\AppData\Local\.meteor\packages\meteor-tool\1.3.3\mt-os.windows.x86_32\dev_bundle\lib\node_modules\npm\node_modules\npm-registry-client\lib\request.js:242:14)
30 verbose stack     at Request._callback (C:\Users\Maxime\AppData\Local\.meteor\packages\meteor-tool\1.3.3\mt-os.windows.x86_32\dev_bundle\lib\node_modules\npm\node_modules\npm-registry-client\lib\request.js:172:14)
30 verbose stack     at Request.self.callback (C:\Users\Maxime\AppData\Local\.meteor\packages\meteor-tool\1.3.3\mt-os.windows.x86_32\dev_bundle\lib\node_modules\npm\node_modules\request\request.js:199:22)
30 verbose stack     at Request.emit (events.js:98:17)
30 verbose stack     at Request.<anonymous> (C:\Users\Maxime\AppData\Local\.meteor\packages\meteor-tool\1.3.3\mt-os.windows.x86_32\dev_bundle\lib\node_modules\npm\node_modules\request\request.js:1036:10)
30 verbose stack     at Request.emit (events.js:117:20)
30 verbose stack     at IncomingMessage.<anonymous> (C:\Users\Maxime\AppData\Local\.meteor\packages\meteor-tool\1.3.3\mt-os.windows.x86_32\dev_bundle\lib\node_modules\npm\node_modules\request\request.js:963:12)
30 verbose stack     at IncomingMessage.emit (events.js:117:20)
30 verbose stack     at _stream_readable.js:944:16
31 verbose statusCode 404
32 verbose pkgid meteor-bootstrap-cdn
33 verbose cwd C:\Users\Maxime\Documents\Flash\projet\_TEST_NODE_N_CO\_APPS\devs\_meteor\angular1
34 error Windows_NT 6.1.7601
35 error argv "C:\\Users\\Maxime\\AppData\\Local\\.meteor\\packages\\meteor-tool\\1.3.3\\mt-os.windows.x86_32\\dev_bundle\\bin\\\\node.exe" "C:\\Users\\Maxime\\AppData\\Local\\.meteor\\packages\\meteor-tool\\1.3.3\\mt-os.windows.x86_32\\dev_bundle\\lib\\node_modules\\npm\\bin\\npm-cli.js" "install" "meteor-bootstrap-cdn"
36 error node v0.10.45
37 error npm  v2.15.1
38 error code E404
39 error 404 Registry returned 404 for GET on https://registry.npmjs.org/meteor-bootstrap-cdn
39 error 404
39 error 404 'meteor-bootstrap-cdn' is not in the npm registry.
39 error 404 You should bug the author to publish it (or use the name yourself!)
39 error 404 It was specified as a dependency of 'angular1'
39 error 404
39 error 404 Note that you can also install from a
39 error 404 tarball, folder, http url, or git url.
40 verbose exit [ 1, true ]
